<?xml version="1.0" encoding="UTF-8"?>
<testng-results ignored="0" total="1" passed="1" failed="0" skipped="0">
  <reporter-output>
  </reporter-output>
  <suite started-at="2024-01-28T10:34:07 WIB" name="Surefire suite" finished-at="2024-01-28T10:34:18 WIB" duration-ms="10971">
    <groups>
    </groups>
    <test started-at="2024-01-28T10:34:07 WIB" name="Surefire test" finished-at="2024-01-28T10:34:18 WIB" duration-ms="10971">
      <class name="org.example.AppTest">
        <test-method signature="Testcase1()[pri:0, instance:org.example.AppTest@12028586]" started-at="2024-01-28T10:34:07 WIB" name="Testcase1" finished-at="2024-01-28T10:34:18 WIB" duration-ms="10959" status="PASS">
          <reporter-output>
          </reporter-output>
        </test-method> <!-- Testcase1 -->
      </class> <!-- org.example.AppTest -->
    </test> <!-- Surefire test -->
  </suite> <!-- Surefire suite -->
</testng-results>
