<?xml version="1.0" encoding="UTF-8"?>
<testsuite xmlns:xsi="http://www.w3.org/2001/XMLSchema-instance" xsi:noNamespaceSchemaLocation="https://maven.apache.org/surefire/maven-surefire-plugin/xsd/surefire-test-report-3.0.xsd" version="3.0" name="org.example.AppTest" time="16.133" tests="1" errors="0" skipped="0" failures="0">
  <properties>
[...]
</properties>
  <testcase name="Testcase1" classname="org.example.AppTest" time="10.961">
    <system-err><![CDATA[SLF4J: Failed to load class "org.slf4j.impl.StaticLoggerBinder".
SLF4J: Defaulting to no-operation (NOP) logger implementation
SLF4J: See http://www.slf4j.org/codes.html#StaticLoggerBinder for further details.
1706412847889	geckodriver	INFO	Listening on 127.0.0.1:21386
1706412848023	mozrunner::runner	INFO	Running command: MOZ_CRASHREPORTER="1" MOZ_CRASHREPORTER_NO_REPORT="1" MOZ_CRASHREPORTER_SHUTDOWN="1" MOZ_NO_REMOTE="1" "/App ... /[::1]:29247/" "-foreground" "-no-remote" "-profile" "/var/folders/77/36y66nr51xv0l9h6md4hjsr00000gp/T/rust_mozprofileXeEWr8"
console.warn: services.settings: Ignoring preference override of remote settings server
console.warn: services.settings: Allow by setting MOZ_REMOTE_SETTINGS_DEVTOOLS=1 in the environment
1706412848717	Marionette	INFO	Marionette enabled
console.error: "Warning: unrecognized command line flag" "-remote-allow-hosts"
console.error: "Warning: unrecognized command line flag" "-remote-allow-origins"
1706412849060	Marionette	INFO	Listening on port 54531
WebDriver BiDi listening on ws://127.0.0.1:29247
1706412849279	RemoteAgent	WARN	TLS certificate errors will be ignored for this session
DevTools listening on ws://127.0.0.1:29247/devtools/browser/f17e87d8-2e19-466b-9dac-357a2f36a4f9
console.warn: LoginRecipes: "Falling back to a synchronous message for: https://yopmail.com."
JavaScript error: , line 0: uncaught exception: undefined
1706412857315	RemoteAgent	INFO	Perform WebSocket upgrade for incoming connection from 127.0.0.1:54589
1706412857320	CDP	WARN	Invalid browser preferences for CDP. Set "fission.webContentIsolationStrategy"to 0 and "fission.bfcacheInParent" to false before Firefox starts.
1706412857338	Marionette	INFO	Stopped listening on port 54531
JavaScript warning: https://yopmail.com/ver/9.2/webmail.js, line 1: Script terminated by timeout at:
refr/nIId<@https://yopmail.com/ver/9.2/webmail.js:1:10704

]]></system-err>
  </testcase>
</testsuite>